Project 1:
TupleDescTest first debug. The result is:
Buildfile: /home/darkangle/course_work/cs186/project1/build.xml

compile:

testcompile:
    [javac] Compiling 1 source file to /home/darkangle/course_work/cs186/project1/bin/test
    [javac] warning: [options] bootstrap class path not set in conjunction with -source 1.5
    [javac] 1 warning
    ---Consult man page about javac about "Cross compilation". I solve this by adding a
    ---"-source 1.7" to the command line argument.
runtest:
    [junit] Running simpledb.TupleDesc
    [junit] Testsuite: simpledb.TupleDesc
    [junit] Tests run: 1, Failures: 0, Errors: 1, Skipped: 0, Time elapsed: 0.052 sec
    [junit] Tests run: 1, Failures: 0, Errors: 1, Skipped: 0, Time elapsed: 0.052 sec
    [junit] 
    [junit] Testcase: initializationError took 0.004 sec
    [junit] 	Caused an ERROR
    [junit] Test class can only have one constructor
    [junit] java.lang.IllegalArgumentException: Test class can only have one constructor
    [junit] 	at java.lang.reflect.Constructor.newInstance(Constructor.java:526)
    [junit] 
----This happend may be for ant not support junit4, or you type wrong target test.
TupleDescTest passed. The result is:
Buildfile: /home/darkangle/course_work/cs186/project1/build.xml

compile:

testcompile:

runtest:
    [junit] Running simpledb.TupleDescTest
    [junit] Testsuite: simpledb.TupleDescTest
    [junit] Tests run: 6, Failures: 0, Errors: 0, Skipped: 0, Time elapsed: 0.147 sec
    [junit] Tests run: 6, Failures: 0, Errors: 0, Skipped: 0, Time elapsed: 0.147 sec
    [junit] 
    [junit] Testcase: nameToId took 0.076 sec
    [junit] Testcase: numFields took 0.002 sec
    [junit] Testcase: testEquals took 0.001 sec
    [junit] Testcase: combine took 0.001 sec
    [junit] Testcase: getType took 0.02 sec
    [junit] Testcase: getSize took 0.002 sec

BUILD SUCCESSFUL
Total time: 1 second
TupleTest passed. The result is:

ldfile: /home/darkangle/course_work/cs186/project1/build.xml

compile:
    [javac] Compiling 1 source file to /home/darkangle/course_work/cs186/project1/bin/src

testcompile:

runtest:
    [junit] Running simpledb.TupleTest
    [junit] Testsuite: simpledb.TupleTest
    [junit] Tests run: 3, Failures: 0, Errors: 1, Skipped: 0, Time elapsed: 0.074 sec
    [junit] Tests run: 3, Failures: 0, Errors: 1, Skipped: 0, Time elapsed: 0.074 sec
    [junit] 
    [junit] Testcase: modifyFields took 0.018 sec
    [junit] Testcase: modifyRecordId took 0.006 sec
    [junit] 	Caused an ERROR
    [junit] modifyRecordId() test failed due to RecordId.equals() not being implemented.  This is not required for Lab 1, but should pass when you do implement the RecordId class.
    [junit] java.lang.UnsupportedOperationException: modifyRecordId() test failed due to RecordId.equals() not being implemented.  This is not required for Lab 1, but should pass when you do implement the RecordId class.
    [junit] 	at simpledb.TupleTest.modifyRecordId(TupleTest.java:54)
    [junit] 
    [junit] Testcase: getTupleDesc took 0.001 sec

BUILD FAILED
/home/darkangle/course_work/cs186/project1/build.xml:202: The following error occurred while executing this line:
/home/darkangle/course_work/cs186/project1/build.xml:82: Test simpledb.TupleTest failed

Total time: 3 seconds
Buildfile: /home/darkangle/course_work/cs186/project1/build.

Catalog.java is done. All tests passed. But there are a few helper unimplemented methods. Including printer(), toString().

Junit test results:

Buildfile: /home/darkangle/course_work/cs186/project1/build.xml

compile:

testcompile:

runtest:
    [junit] Running simpledb.CatalogTest
    [junit] Testsuite: simpledb.CatalogTest
    [junit] Tests run: 3, Failures: 0, Errors: 0, Skipped: 0, Time elapsed: 0.101 sec
    [junit] Tests run: 3, Failures: 0, Errors: 0, Skipped: 0, Time elapsed: 0.101 sec
    [junit] ------------- Standard Output ---------------
    [junit] ----->Clearing the system catalog...
    [junit] ----->System catalog clearing is done.
    [junit] ID is []
    [junit] ID is [-1]
    [junit] ----->Clearing the system catalog...
    [junit] ----->System catalog clearing is done.
    [junit] ID is []
    [junit] ID is [-1]
    [junit] ----->Clearing the system catalog...
    [junit] ----->System catalog clearing is done.
    [junit] ID is []
    [junit] ID is [-1]
    [junit] ------------- ---------------- ---------------
    [junit] 
    [junit] Testcase: getDbFile took 0.055 sec
    [junit] Testcase: getTableId took 0.001 sec
    [junit] Testcase: getTupleDesc took 0.001 sec

BUILD SUCCESSFUL
Total time: 1 second
Sun Jul 20 09:23:53 CST 2014
HeapPage is done. Problems we met: bitwise operations.
Buildfile: /home/darkangle/course_work/cs186/project1/build.xml

compile:

testcompile:

runtest:
    [junit] Running simpledb.HeapPageReadTest
    [junit] Testsuite: simpledb.HeapPageReadTest
    [junit] Tests run: 4, Failures: 0, Errors: 0, Skipped: 0, Time elapsed: 0.115 sec
    [junit] Tests run: 4, Failures: 0, Errors: 0, Skipped: 0, Time elapsed: 0.115 sec
    [junit] ------------- Standard Output ---------------
    [junit] ID is []
    [junit] ID is []
    [junit] ID is []
    [junit] 0
    [junit] tup is 3933	862	
    [junit] 
    [junit] 1
    [junit] tup is 2402	56883	
    [junit] 
    [junit] 2
    [junit] tup is 168	5825	
    [junit] 
    [junit] 3
    [junit] tup is 1876	52278	
    [junit] 
    [junit] 4
    [junit] tup is 650	36090	
    [junit] 
    [junit] 5
    [junit] tup is 3784	43771	
    [junit] 
    [junit] 6
    [junit] tup is 2617	56874	
    [junit] 
    [junit] 7
    [junit] tup is 1209	23253	
    [junit] 
    [junit] 8
    [junit] tup is 5462	24979	
    [junit] 
    [junit] 9
    [junit] tup is 5440	56685	
    [junit] 
    [junit] 10
    [junit] tup is 396	62307	
    [junit] 
    [junit] 11
    [junit] tup is 4569	2719	
    [junit] 
    [junit] 12
    [junit] tup is 2064	43575	
    [junit] 
    [junit] 13
    [junit] tup is 4812	44947	
    [junit] 
    [junit] 14
    [junit] tup is 2189	19724	
    [junit] 
    [junit] 15
    [junit] tup is 3549	36554	
    [junit] 
    [junit] 16
    [junit] tup is 986	53184	
    [junit] 
    [junit] 17
    [junit] tup is 4878	33394	
    [junit] 
    [junit] 18
    [junit] tup is 6778	21122	
    [junit] 
    [junit] 19
    [junit] tup is 1197	16388	
    [junit] 
    [junit] ID is []
    [junit] ------------- ---------------- ---------------
    [junit] 
    [junit] Testcase: getId took 0.057 sec
    [junit] Testcase: getSlot took 0.007 sec
    [junit] Testcase: testIterator took 0.009 sec
    [junit] Testcase: getNumEmptySlots took 0.005 sec

BUILD SUCCESSFUL
Total time: 2 seconds
Thu Jul 31 12:17:53 CST 2014
